<?xml version="1.0" encoding="UTF-8"?>
<!-- Generated by org.testng.reporters.JUnitXMLReporter -->
<testsuite ignored="0" hostname="JOR-SMAJALI-NB0" failures="0" tests="3" name="Default test" time="2.197" errors="0" timestamp="2020-05-10T11:13:46 EEST">
  <testcase classname="GET_Request.Get_Data" name="TC01_GetWeatherDetailsForValidCity" time="1.463"/>
  <testcase classname="GET_Request.Get_Data" name="TC02_GetWeatherDetailsForInvalidCity" time="0.047"/>
  <testcase classname="GET_Request.Get_Data" name="TC03_GetWeatherDetailsForEmptyCity" time="0.022"/>
</testsuite> <!-- Default test -->
